<?xml version="1.0" encoding="UTF-8"?>
<!-- Generated by org.testng.reporters.JUnitReportReporter -->
<testsuite hostname="LAPTOP-0G3UA0B2" failures="0" tests="1" name="ManipalAxis.OrangeHRM.Job" time="11.590" errors="0" timestamp="2024-02-29T22:23:52 IST" skipped="0">
  <testcase classname="ManipalAxis.OrangeHRM.Job" name="Jobmethod" time="11.590"/>
  <system-out/>
</testsuite> <!-- ManipalAxis.OrangeHRM.Job -->
