<?xml version="1.0" encoding="UTF-8"?>
<!-- Generated by org.testng.reporters.JUnitReportReporter -->
<testsuite hostname="LAPTOP-0G3UA0B2" failures="0" tests="1" name="ManipalAxis.OrangeHRM.ReportTo" time="16.826" errors="0" timestamp="2024-02-29T22:35:15 IST" skipped="0">
  <testcase classname="ManipalAxis.OrangeHRM.ReportTo" name="reportmethod" time="16.826"/>
  <system-out/>
</testsuite> <!-- ManipalAxis.OrangeHRM.ReportTo -->
