<?xml version="1.0" encoding="UTF-8"?>
<!-- Generated by org.testng.reporters.JUnitReportReporter -->
<testsuite hostname="LAPTOP-0G3UA0B2" failures="0" tests="1" name="ManipalAxis.OrangeHRM.Salary" time="12.403" errors="0" timestamp="2024-02-29T22:26:32 IST" skipped="0">
  <testcase classname="ManipalAxis.OrangeHRM.Salary" name="SalaryMethod" time="12.403"/>
  <system-out/>
</testsuite> <!-- ManipalAxis.OrangeHRM.Salary -->
