<?xml version="1.0" encoding="UTF-8"?>
<!-- Generated by org.testng.reporters.JUnitReportReporter -->
<testsuite hostname="LAPTOP-0G3UA0B2" failures="0" tests="1" name="ManipalAxis.OrangeHRM.Immegration" time="16.853" errors="0" timestamp="2024-02-29T22:45:42 IST" skipped="0">
  <testcase classname="ManipalAxis.OrangeHRM.Immegration" name="Immigrationmethod" time="16.853"/>
  <system-out/>
</testsuite> <!-- ManipalAxis.OrangeHRM.Immegration -->
